UnitySetup:	UnityConfigureCommon init OK
UnitySetup:	UnityConfigureCommon init OK
info: Microsoft.AspNetCore.DataProtection.KeyManagement.XmlKeyManager[0]
      User profile is available. Using 'C:\Users\Dhaigvip\AppData\Local\ASP.NET\DataProtection-Keys' as key repository and Windows DPAPI to encrypt keys at rest.
Hosting environment: Test
Content root path: C:\TCM Product\ComponentRepository\UI Components\Technical\TCM.Web.API.Core\TCM.Web.API.Core
Now listening on: http://127.0.0.1:28026
Application started. Press Ctrl+C to shut down.
info: Microsoft.AspNetCore.Hosting.Internal.WebHost[1]
      Request starting HTTP/1.1 GET http://localhost:50704/api/values  
info: Microsoft.AspNetCore.Hosting.Internal.WebHost[1]
      Request starting HTTP/1.1 DEBUG http://localhost:50704/  0
info: Microsoft.AspNetCore.Hosting.Internal.WebHost[2]
      Request finished in 37.1428ms 200 
dbug: TCM.Web.API.Core.Helpers.TCMAutheticationHandler[9]
      AuthenticationScheme: TCMAuth was not authenticated.
info: Microsoft.AspNetCore.Hosting.Internal.WebHost[2]
      Request finished in 117.6788ms 401 
info: Microsoft.AspNetCore.Hosting.Internal.WebHost[1]
      Request starting HTTP/1.1 GET http://localhost:50704/api/values  
dbug: TCM.Web.API.Core.Helpers.TCMAutheticationHandler[9]
      AuthenticationScheme: TCMAuth was not authenticated.
info: Microsoft.AspNetCore.Routing.EndpointMiddleware[0]
      Executing endpoint 'TCM.Web.API.Core.Controllers.ValuesController.Get (TCM.Web.API.Core)'
info: Microsoft.AspNetCore.Mvc.Internal.ControllerActionInvoker[1]
      Route matched with {action = "Get", controller = "Values"}. Executing action TCM.Web.API.Core.Controllers.ValuesController.Get (TCM.Web.API.Core)
info: Microsoft.AspNetCore.Mvc.Internal.ControllerActionInvoker[1]
      Executing action method TCM.Web.API.Core.Controllers.ValuesController.Get (TCM.Web.API.Core) - Validation state: Valid
info: Microsoft.AspNetCore.Mvc.Internal.ControllerActionInvoker[2]
      Executed action method TCM.Web.API.Core.Controllers.ValuesController.Get (TCM.Web.API.Core), returned result Microsoft.AspNetCore.Mvc.ObjectResult in 0.4542ms.
info: Microsoft.AspNetCore.Mvc.Infrastructure.ObjectResultExecutor[1]
      Executing ObjectResult, writing value of type 'System.String[]'.
info: Microsoft.AspNetCore.Mvc.Internal.ControllerActionInvoker[2]
      Executed action TCM.Web.API.Core.Controllers.ValuesController.Get (TCM.Web.API.Core) in 118.8563ms
info: Microsoft.AspNetCore.Routing.EndpointMiddleware[1]
      Executed endpoint 'TCM.Web.API.Core.Controllers.ValuesController.Get (TCM.Web.API.Core)'
info: Microsoft.AspNetCore.Hosting.Internal.WebHost[2]
      Request finished in 270.9804ms 200 application/json; charset=utf-8
info: Microsoft.AspNetCore.Hosting.Internal.WebHost[1]
      Request starting HTTP/1.1 GET http://localhost:50704/favicon.ico  
dbug: TCM.Web.API.Core.Helpers.TCMAutheticationHandler[9]
      AuthenticationScheme: TCMAuth was not authenticated.
dbug: Ocelot.Errors.Middleware.ExceptionHandlerMiddleware[0]
      requestId: 0HLMJK862BEAP:00000002, previousRequestId: no previous request id, message: ocelot pipeline started
dbug: Ocelot.DownstreamRouteFinder.Middleware.DownstreamRouteFinderMiddleware[0]
      requestId: 0HLMJK862BEAP:00000002, previousRequestId: no previous request id, message: Upstream url path is /favicon.ico
warn: Ocelot.DownstreamRouteFinder.Middleware.DownstreamRouteFinderMiddleware[0]
      requestId: 0HLMJK862BEAP:00000002, previousRequestId: no previous request id, message: DownstreamRouteFinderMiddleware setting pipeline errors. IDownstreamRouteFinder returned Error Code: UnableToFindDownstreamRouteError Message: Failed to match ReRoute configuration for upstream path: /favicon.ico, verb: GET.
warn: Ocelot.DownstreamRouteFinder.Middleware.DownstreamRouteFinderMiddleware[0]
      requestId: 0HLMJK862BEAP:00000002, previousRequestId: no previous request id, message: Failed to match ReRoute configuration for upstream path: /favicon.ico, verb: GET.
warn: Ocelot.Responder.Middleware.ResponderMiddleware[0]
      requestId: 0HLMJK862BEAP:00000002, previousRequestId: no previous request id, message: Error Code: UnableToFindDownstreamRouteError Message: Failed to match ReRoute configuration for upstream path: /favicon.ico, verb: GET. errors found in ResponderMiddleware. Setting error response for request path:/favicon.ico, request method: GET
dbug: Ocelot.Errors.Middleware.ExceptionHandlerMiddleware[0]
      requestId: 0HLMJK862BEAP:00000002, previousRequestId: no previous request id, message: ocelot pipeline finished
info: Microsoft.AspNetCore.Hosting.Internal.WebHost[2]
      Request finished in 83.8334ms 404 
