UnitySetup:	UnityConfigureCommon init OK
UnitySetup:	UnityConfigureCommon init OK
info: Microsoft.AspNetCore.DataProtection.KeyManagement.XmlKeyManager[0]
      User profile is available. Using 'C:\Users\Dhaigvip\AppData\Local\ASP.NET\DataProtection-Keys' as key repository and Windows DPAPI to encrypt keys at rest.
info: Microsoft.AspNetCore.DataProtection.KeyManagement.XmlKeyManager[58]
      Creating key {511d4202-6f75-4995-baef-417011310826} with creation date 2019-05-08 10:43:05Z, activation date 2019-05-08 10:43:05Z, and expiration date 2019-08-06 10:43:05Z.
info: Microsoft.AspNetCore.DataProtection.Repositories.FileSystemXmlRepository[39]
      Writing data to file 'C:\Users\Dhaigvip\AppData\Local\ASP.NET\DataProtection-Keys\key-511d4202-6f75-4995-baef-417011310826.xml'.
Hosting environment: Test
Content root path: C:\TCM Product\ComponentRepository\UI Components\Technical\TCM.Web.API.Core\TCM.Web.API.Core
Now listening on: http://127.0.0.1:36990
Application started. Press Ctrl+C to shut down.
info: Microsoft.AspNetCore.Hosting.Internal.WebHost[1]
      Request starting HTTP/1.1 GET http://localhost:50704/api/values  
info: Microsoft.AspNetCore.Hosting.Internal.WebHost[1]
      Request starting HTTP/1.1 DEBUG http://localhost:50704/  0
info: Microsoft.AspNetCore.Hosting.Internal.WebHost[2]
      Request finished in 70.3498ms 200 
dbug: TCM.Web.API.Core.Helpers.TCMAutheticationHandler[9]
      AuthenticationScheme: TCMAuth was not authenticated.
info: Microsoft.AspNetCore.Hosting.Internal.WebHost[2]
      Request finished in 411.5624ms 401 
info: Microsoft.AspNetCore.Hosting.Internal.WebHost[1]
      Request starting HTTP/1.1 GET http://localhost:50704/api/values  
dbug: TCM.Web.API.Core.Helpers.TCMAutheticationHandler[9]
      AuthenticationScheme: TCMAuth was not authenticated.
info: Microsoft.AspNetCore.Routing.EndpointMiddleware[0]
      Executing endpoint 'TCM.Web.API.Core.Controllers.ValuesController.Get (TCM.Web.API.Core)'
info: Microsoft.AspNetCore.Mvc.Internal.ControllerActionInvoker[1]
      Route matched with {action = "Get", controller = "Values"}. Executing action TCM.Web.API.Core.Controllers.ValuesController.Get (TCM.Web.API.Core)
info: Microsoft.AspNetCore.Mvc.Internal.ControllerActionInvoker[1]
      Executing action method TCM.Web.API.Core.Controllers.ValuesController.Get (TCM.Web.API.Core) - Validation state: Valid
info: Microsoft.AspNetCore.Mvc.Internal.ControllerActionInvoker[2]
      Executed action method TCM.Web.API.Core.Controllers.ValuesController.Get (TCM.Web.API.Core), returned result Microsoft.AspNetCore.Mvc.ObjectResult in 0.8297ms.
info: Microsoft.AspNetCore.Mvc.Infrastructure.ObjectResultExecutor[1]
      Executing ObjectResult, writing value of type 'System.String[]'.
info: Microsoft.AspNetCore.Mvc.Internal.ControllerActionInvoker[2]
      Executed action TCM.Web.API.Core.Controllers.ValuesController.Get (TCM.Web.API.Core) in 796.9848ms
info: Microsoft.AspNetCore.Routing.EndpointMiddleware[1]
      Executed endpoint 'TCM.Web.API.Core.Controllers.ValuesController.Get (TCM.Web.API.Core)'
info: Microsoft.AspNetCore.Hosting.Internal.WebHost[2]
      Request finished in 1216.6882ms 200 application/json; charset=utf-8
